[2021-11-15T08:20:06.704] [INFO] API - Listen api port 3010
[2021-11-15T08:20:10.003] [TRACE] USAGE - Start usage service
[2021-11-15T08:20:10.243] [DEBUG] APP - {"error":{"message":"connect ECONNREFUSED 127.0.0.1:4000","name":"Error","stack":"Error: connect ECONNREFUSED 127.0.0.1:4000\n    at TCPConnectWrap.afterConnect [as oncomplete] (net.js:1148:16)","config":{"transitional":{"silentJSONParsing":true,"forcedJSONParsing":true,"clarifyTimeoutError":false},"transformRequest":[null],"transformResponse":[null],"timeout":0,"xsrfCookieName":"XSRF-TOKEN","xsrfHeaderName":"X-XSRF-TOKEN","maxContentLength":-1,"maxBodyLength":-1,"headers":{"Accept":"application/json, text/plain, */*","Content-Type":"application/json","User-Agent":"axios/0.23.0","Content-Length":146},"method":"post","url":"http://localhost:4000","data":"{\"datadate\":\"2021-11-14\",\"systemid\":\"FEM\",\"plant\":\"WKS\",\"actual\":0,\"target\":10,\"status\":0,\"cmpunitdesc\":\"使用次數\",\"uploadtime\":1636819200000}"},"code":"ECONNREFUSED","status":null},"result":{"datadate":"2021-11-14","systemid":"FEM","plant":"WKS","actual":0,"target":10,"status":0,"cmpunitdesc":"使用次數","uploadtime":1636819200000}}
[2021-11-15T08:20:10.271] [DEBUG] APP - {"error":{"message":"connect ECONNREFUSED 127.0.0.1:4000","name":"Error","stack":"Error: connect ECONNREFUSED 127.0.0.1:4000\n    at TCPConnectWrap.afterConnect [as oncomplete] (net.js:1148:16)","config":{"transitional":{"silentJSONParsing":true,"forcedJSONParsing":true,"clarifyTimeoutError":false},"transformRequest":[null],"transformResponse":[null],"timeout":0,"xsrfCookieName":"XSRF-TOKEN","xsrfHeaderName":"X-XSRF-TOKEN","maxContentLength":-1,"maxBodyLength":-1,"headers":{"Accept":"application/json, text/plain, */*","Content-Type":"application/json","User-Agent":"axios/0.23.0","Content-Length":147},"method":"post","url":"http://localhost:4000","data":"{\"datadate\":\"2021-11-14\",\"systemid\":\"FEM\",\"plant\":\"F230\",\"actual\":0,\"target\":10,\"status\":0,\"cmpunitdesc\":\"使用次數\",\"uploadtime\":1636819200000}"},"code":"ECONNREFUSED","status":null},"result":{"datadate":"2021-11-14","systemid":"FEM","plant":"F230","actual":0,"target":10,"status":0,"cmpunitdesc":"使用次數","uploadtime":1636819200000}}
[2021-11-15T08:20:15.003] [TRACE] USAGE - Start usage service
[2021-11-15T08:20:15.157] [DEBUG] APP - {"error":{"message":"connect ECONNREFUSED 127.0.0.1:4000","name":"Error","stack":"Error: connect ECONNREFUSED 127.0.0.1:4000\n    at TCPConnectWrap.afterConnect [as oncomplete] (net.js:1148:16)","config":{"transitional":{"silentJSONParsing":true,"forcedJSONParsing":true,"clarifyTimeoutError":false},"transformRequest":[null],"transformResponse":[null],"timeout":0,"xsrfCookieName":"XSRF-TOKEN","xsrfHeaderName":"X-XSRF-TOKEN","maxContentLength":-1,"maxBodyLength":-1,"headers":{"Accept":"application/json, text/plain, */*","Content-Type":"application/json","User-Agent":"axios/0.23.0","Content-Length":147},"method":"post","url":"http://localhost:4000","data":"{\"datadate\":\"2021-11-14\",\"systemid\":\"FEM\",\"plant\":\"F230\",\"actual\":0,\"target\":10,\"status\":0,\"cmpunitdesc\":\"使用次數\",\"uploadtime\":1636819200000}"},"code":"ECONNREFUSED","status":null},"result":{"datadate":"2021-11-14","systemid":"FEM","plant":"F230","actual":0,"target":10,"status":0,"cmpunitdesc":"使用次數","uploadtime":1636819200000}}
[2021-11-15T08:20:15.171] [DEBUG] APP - {"error":{"message":"connect ECONNREFUSED 127.0.0.1:4000","name":"Error","stack":"Error: connect ECONNREFUSED 127.0.0.1:4000\n    at TCPConnectWrap.afterConnect [as oncomplete] (net.js:1148:16)","config":{"transitional":{"silentJSONParsing":true,"forcedJSONParsing":true,"clarifyTimeoutError":false},"transformRequest":[null],"transformResponse":[null],"timeout":0,"xsrfCookieName":"XSRF-TOKEN","xsrfHeaderName":"X-XSRF-TOKEN","maxContentLength":-1,"maxBodyLength":-1,"headers":{"Accept":"application/json, text/plain, */*","Content-Type":"application/json","User-Agent":"axios/0.23.0","Content-Length":146},"method":"post","url":"http://localhost:4000","data":"{\"datadate\":\"2021-11-14\",\"systemid\":\"FEM\",\"plant\":\"WKS\",\"actual\":0,\"target\":10,\"status\":0,\"cmpunitdesc\":\"使用次數\",\"uploadtime\":1636819200000}"},"code":"ECONNREFUSED","status":null},"result":{"datadate":"2021-11-14","systemid":"FEM","plant":"WKS","actual":0,"target":10,"status":0,"cmpunitdesc":"使用次數","uploadtime":1636819200000}}
[2021-11-15T08:23:49.294] [INFO] API - Listen api port 3010
[2021-11-15T08:23:50.043] [TRACE] USAGE - Start usage service
[2021-11-15T08:23:50.273] [DEBUG] APP - {"error":{"message":"connect ECONNREFUSED 127.0.0.1:4000","name":"Error","stack":"Error: connect ECONNREFUSED 127.0.0.1:4000\n    at TCPConnectWrap.afterConnect [as oncomplete] (net.js:1148:16)","config":{"transitional":{"silentJSONParsing":true,"forcedJSONParsing":true,"clarifyTimeoutError":false},"transformRequest":[null],"transformResponse":[null],"timeout":0,"xsrfCookieName":"XSRF-TOKEN","xsrfHeaderName":"X-XSRF-TOKEN","maxContentLength":-1,"maxBodyLength":-1,"headers":{"Accept":"application/json, text/plain, */*","Content-Type":"application/json","User-Agent":"axios/0.23.0","Content-Length":135},"method":"post","url":"http://localhost:4000","data":"{\"datadate\":\"1970-01-01\",\"systemid\":\"FEM\",\"plant\":\"F230\",\"actual\":1,\"target\":10,\"status\":0,\"cmpunitdesc\":\"使用次數\",\"uploadtime\":1}"},"code":"ECONNREFUSED","status":null},"result":{"datadate":"1970-01-01","systemid":"FEM","plant":"F230","actual":1,"target":10,"status":0,"cmpunitdesc":"使用次數","uploadtime":1}}
[2021-11-15T08:23:50.274] [DEBUG] APP - {"error":{"message":"connect ECONNREFUSED 127.0.0.1:4000","name":"Error","stack":"Error: connect ECONNREFUSED 127.0.0.1:4000\n    at TCPConnectWrap.afterConnect [as oncomplete] (net.js:1148:16)","config":{"transitional":{"silentJSONParsing":true,"forcedJSONParsing":true,"clarifyTimeoutError":false},"transformRequest":[null],"transformResponse":[null],"timeout":0,"xsrfCookieName":"XSRF-TOKEN","xsrfHeaderName":"X-XSRF-TOKEN","maxContentLength":-1,"maxBodyLength":-1,"headers":{"Accept":"application/json, text/plain, */*","Content-Type":"application/json","User-Agent":"axios/0.23.0","Content-Length":135},"method":"post","url":"http://localhost:4000","data":"{\"datadate\":\"1970-01-01\",\"systemid\":\"FEM\",\"plant\":\"F230\",\"actual\":1,\"target\":10,\"status\":0,\"cmpunitdesc\":\"使用次數\",\"uploadtime\":1}"},"code":"ECONNREFUSED","status":null},"result":{"datadate":"1970-01-01","systemid":"FEM","plant":"F230","actual":1,"target":10,"status":0,"cmpunitdesc":"使用次數","uploadtime":1}}
[2021-11-15T08:23:50.280] [DEBUG] APP - {"error":{"message":"connect ECONNREFUSED 127.0.0.1:4000","name":"Error","stack":"Error: connect ECONNREFUSED 127.0.0.1:4000\n    at TCPConnectWrap.afterConnect [as oncomplete] (net.js:1148:16)","config":{"transitional":{"silentJSONParsing":true,"forcedJSONParsing":true,"clarifyTimeoutError":false},"transformRequest":[null],"transformResponse":[null],"timeout":0,"xsrfCookieName":"XSRF-TOKEN","xsrfHeaderName":"X-XSRF-TOKEN","maxContentLength":-1,"maxBodyLength":-1,"headers":{"Accept":"application/json, text/plain, */*","Content-Type":"application/json","User-Agent":"axios/0.23.0","Content-Length":136},"method":"post","url":"http://localhost:4000","data":"{\"datadate\":\"1970-01-01\",\"systemid\":\"FEM\",\"plant\":\"WKS\",\"actual\":186,\"target\":10,\"status\":1,\"cmpunitdesc\":\"使用次數\",\"uploadtime\":1}"},"code":"ECONNREFUSED","status":null},"result":{"datadate":"1970-01-01","systemid":"FEM","plant":"WKS","actual":186,"target":10,"status":1,"cmpunitdesc":"使用次數","uploadtime":1}}
[2021-11-15T08:23:50.282] [DEBUG] APP - {"error":{"message":"connect ECONNREFUSED 127.0.0.1:4000","name":"Error","stack":"Error: connect ECONNREFUSED 127.0.0.1:4000\n    at TCPConnectWrap.afterConnect [as oncomplete] (net.js:1148:16)","config":{"transitional":{"silentJSONParsing":true,"forcedJSONParsing":true,"clarifyTimeoutError":false},"transformRequest":[null],"transformResponse":[null],"timeout":0,"xsrfCookieName":"XSRF-TOKEN","xsrfHeaderName":"X-XSRF-TOKEN","maxContentLength":-1,"maxBodyLength":-1,"headers":{"Accept":"application/json, text/plain, */*","Content-Type":"application/json","User-Agent":"axios/0.23.0","Content-Length":136},"method":"post","url":"http://localhost:4000","data":"{\"datadate\":\"1970-01-01\",\"systemid\":\"FEM\",\"plant\":\"WKS\",\"actual\":186,\"target\":10,\"status\":1,\"cmpunitdesc\":\"使用次數\",\"uploadtime\":1}"},"code":"ECONNREFUSED","status":null},"result":{"datadate":"1970-01-01","systemid":"FEM","plant":"WKS","actual":186,"target":10,"status":1,"cmpunitdesc":"使用次數","uploadtime":1}}
[2021-11-15T08:24:00.283] [TRACE] retry - retry to send 1 times
[2021-11-15T08:24:00.284] [TRACE] retry - {"datadate":"1970-01-01","systemid":"FEM","plant":"F230","actual":1,"target":10,"status":0,"cmpunitdesc":"使用次數","uploadtime":1}
[2021-11-15T08:24:00.288] [TRACE] retry - retry to send 1 times
[2021-11-15T08:24:00.288] [TRACE] retry - {"datadate":"1970-01-01","systemid":"FEM","plant":"WKS","actual":186,"target":10,"status":1,"cmpunitdesc":"使用次數","uploadtime":1}
[2021-11-15T08:24:05.288] [TRACE] retry - retry to send 2 times
[2021-11-15T08:24:05.289] [TRACE] retry - {"datadate":"1970-01-01","systemid":"FEM","plant":"F230","actual":1,"target":10,"status":0,"cmpunitdesc":"使用次數","uploadtime":1}
[2021-11-15T08:24:05.292] [TRACE] retry - retry to send 2 times
[2021-11-15T08:24:05.292] [TRACE] retry - {"datadate":"1970-01-01","systemid":"FEM","plant":"WKS","actual":186,"target":10,"status":1,"cmpunitdesc":"使用次數","uploadtime":1}
[2021-11-15T08:24:10.295] [TRACE] retry - retry to send 3 times
[2021-11-15T08:24:10.296] [TRACE] retry - {"datadate":"1970-01-01","systemid":"FEM","plant":"F230","actual":1,"target":10,"status":0,"cmpunitdesc":"使用次數","uploadtime":1}
[2021-11-15T08:24:10.296] [TRACE] retry - write following data into JSON
[2021-11-15T08:24:10.297] [TRACE] retry - {"datadate":"1970-01-01","systemid":"FEM","plant":"F230","actual":1,"target":10,"status":0,"cmpunitdesc":"使用次數","uploadtime":1}
[2021-11-15T08:24:10.300] [TRACE] retry - retry to send 3 times
[2021-11-15T08:24:10.301] [TRACE] retry - {"datadate":"1970-01-01","systemid":"FEM","plant":"WKS","actual":186,"target":10,"status":1,"cmpunitdesc":"使用次數","uploadtime":1}
[2021-11-15T08:24:10.301] [TRACE] retry - write following data into JSON
[2021-11-15T08:24:10.302] [TRACE] retry - {"datadate":"1970-01-01","systemid":"FEM","plant":"WKS","actual":186,"target":10,"status":1,"cmpunitdesc":"使用次數","uploadtime":1}
[2021-11-15T08:26:32.476] [TRACE] USAGE - Start usage service
[2021-11-15T08:26:32.678] [DEBUG] APP - {"error":{"message":"connect ECONNREFUSED 127.0.0.1:4000","name":"Error","stack":"Error: connect ECONNREFUSED 127.0.0.1:4000\n    at TCPConnectWrap.afterConnect [as oncomplete] (net.js:1148:16)","config":{"transitional":{"silentJSONParsing":true,"forcedJSONParsing":true,"clarifyTimeoutError":false},"transformRequest":[null],"transformResponse":[null],"timeout":0,"xsrfCookieName":"XSRF-TOKEN","xsrfHeaderName":"X-XSRF-TOKEN","maxContentLength":-1,"maxBodyLength":-1,"headers":{"Accept":"application/json, text/plain, */*","Content-Type":"application/json","User-Agent":"axios/0.23.0","Content-Length":147},"method":"post","url":"http://localhost:4000","data":"{\"datadate\":\"2021-11-14\",\"systemid\":\"FEM\",\"plant\":\"F230\",\"actual\":0,\"target\":10,\"status\":0,\"cmpunitdesc\":\"使用次數\",\"uploadtime\":1636819200000}"},"code":"ECONNREFUSED","status":null},"result":{"datadate":"2021-11-14","systemid":"FEM","plant":"F230","actual":0,"target":10,"status":0,"cmpunitdesc":"使用次數","uploadtime":1636819200000}}
[2021-11-15T08:26:32.681] [DEBUG] APP - {"error":{"message":"connect ECONNREFUSED 127.0.0.1:4000","name":"Error","stack":"Error: connect ECONNREFUSED 127.0.0.1:4000\n    at TCPConnectWrap.afterConnect [as oncomplete] (net.js:1148:16)","config":{"transitional":{"silentJSONParsing":true,"forcedJSONParsing":true,"clarifyTimeoutError":false},"transformRequest":[null],"transformResponse":[null],"timeout":0,"xsrfCookieName":"XSRF-TOKEN","xsrfHeaderName":"X-XSRF-TOKEN","maxContentLength":-1,"maxBodyLength":-1,"headers":{"Accept":"application/json, text/plain, */*","Content-Type":"application/json","User-Agent":"axios/0.23.0","Content-Length":147},"method":"post","url":"http://localhost:4000","data":"{\"datadate\":\"2021-11-14\",\"systemid\":\"FEM\",\"plant\":\"F230\",\"actual\":0,\"target\":10,\"status\":0,\"cmpunitdesc\":\"使用次數\",\"uploadtime\":1636819200000}"},"code":"ECONNREFUSED","status":null},"result":{"datadate":"2021-11-14","systemid":"FEM","plant":"F230","actual":0,"target":10,"status":0,"cmpunitdesc":"使用次數","uploadtime":1636819200000}}
[2021-11-15T08:26:32.685] [DEBUG] APP - {"error":{"message":"connect ECONNREFUSED 127.0.0.1:4000","name":"Error","stack":"Error: connect ECONNREFUSED 127.0.0.1:4000\n    at TCPConnectWrap.afterConnect [as oncomplete] (net.js:1148:16)","config":{"transitional":{"silentJSONParsing":true,"forcedJSONParsing":true,"clarifyTimeoutError":false},"transformRequest":[null],"transformResponse":[null],"timeout":0,"xsrfCookieName":"XSRF-TOKEN","xsrfHeaderName":"X-XSRF-TOKEN","maxContentLength":-1,"maxBodyLength":-1,"headers":{"Accept":"application/json, text/plain, */*","Content-Type":"application/json","User-Agent":"axios/0.23.0","Content-Length":146},"method":"post","url":"http://localhost:4000","data":"{\"datadate\":\"2021-11-14\",\"systemid\":\"FEM\",\"plant\":\"WKS\",\"actual\":0,\"target\":10,\"status\":0,\"cmpunitdesc\":\"使用次數\",\"uploadtime\":1636819200000}"},"code":"ECONNREFUSED","status":null},"result":{"datadate":"2021-11-14","systemid":"FEM","plant":"WKS","actual":0,"target":10,"status":0,"cmpunitdesc":"使用次數","uploadtime":1636819200000}}
[2021-11-15T08:26:32.689] [DEBUG] APP - {"error":{"message":"connect ECONNREFUSED 127.0.0.1:4000","name":"Error","stack":"Error: connect ECONNREFUSED 127.0.0.1:4000\n    at TCPConnectWrap.afterConnect [as oncomplete] (net.js:1148:16)","config":{"transitional":{"silentJSONParsing":true,"forcedJSONParsing":true,"clarifyTimeoutError":false},"transformRequest":[null],"transformResponse":[null],"timeout":0,"xsrfCookieName":"XSRF-TOKEN","xsrfHeaderName":"X-XSRF-TOKEN","maxContentLength":-1,"maxBodyLength":-1,"headers":{"Accept":"application/json, text/plain, */*","Content-Type":"application/json","User-Agent":"axios/0.23.0","Content-Length":146},"method":"post","url":"http://localhost:4000","data":"{\"datadate\":\"2021-11-14\",\"systemid\":\"FEM\",\"plant\":\"WKS\",\"actual\":0,\"target\":10,\"status\":0,\"cmpunitdesc\":\"使用次數\",\"uploadtime\":1636819200000}"},"code":"ECONNREFUSED","status":null},"result":{"datadate":"2021-11-14","systemid":"FEM","plant":"WKS","actual":0,"target":10,"status":0,"cmpunitdesc":"使用次數","uploadtime":1636819200000}}
[2021-11-15T08:26:42.688] [TRACE] retry - retry to send 1 times
[2021-11-15T08:26:42.689] [TRACE] retry - {"datadate":"2021-11-14","systemid":"FEM","plant":"F230","actual":0,"target":10,"status":0,"cmpunitdesc":"使用次數","uploadtime":1636819200000}
[2021-11-15T08:26:42.695] [TRACE] retry - retry to send 1 times
[2021-11-15T08:26:42.695] [TRACE] retry - {"datadate":"2021-11-14","systemid":"FEM","plant":"WKS","actual":0,"target":10,"status":0,"cmpunitdesc":"使用次數","uploadtime":1636819200000}
[2021-11-15T08:26:47.692] [TRACE] retry - retry to send 2 times
[2021-11-15T08:26:47.692] [TRACE] retry - {"datadate":"2021-11-14","systemid":"FEM","plant":"F230","actual":0,"target":10,"status":0,"cmpunitdesc":"使用次數","uploadtime":1636819200000}
[2021-11-15T08:26:47.699] [TRACE] retry - retry to send 2 times
[2021-11-15T08:26:47.699] [TRACE] retry - {"datadate":"2021-11-14","systemid":"FEM","plant":"WKS","actual":0,"target":10,"status":0,"cmpunitdesc":"使用次數","uploadtime":1636819200000}
[2021-11-15T08:26:52.695] [TRACE] retry - retry to send 3 times
[2021-11-15T08:26:52.696] [TRACE] retry - {"datadate":"2021-11-14","systemid":"FEM","plant":"F230","actual":0,"target":10,"status":0,"cmpunitdesc":"使用次數","uploadtime":1636819200000}
[2021-11-15T08:26:52.696] [TRACE] retry - write following data into JSON
[2021-11-15T08:26:52.697] [TRACE] retry - {"datadate":"2021-11-14","systemid":"FEM","plant":"F230","actual":0,"target":10,"status":0,"cmpunitdesc":"使用次數","uploadtime":1636819200000}
[2021-11-15T08:26:52.702] [TRACE] retry - retry to send 3 times
[2021-11-15T08:26:52.702] [TRACE] retry - {"datadate":"2021-11-14","systemid":"FEM","plant":"WKS","actual":0,"target":10,"status":0,"cmpunitdesc":"使用次數","uploadtime":1636819200000}
[2021-11-15T08:26:52.703] [TRACE] retry - write following data into JSON
[2021-11-15T08:26:52.703] [TRACE] retry - {"datadate":"2021-11-14","systemid":"FEM","plant":"WKS","actual":0,"target":10,"status":0,"cmpunitdesc":"使用次數","uploadtime":1636819200000}
[2021-11-15T08:28:55.576] [TRACE] USAGE - Start usage service
[2021-11-15T08:28:55.828] [DEBUG] APP - {"error":null,"result":{"datadate":"2021-11-10","systemid":"FEM","plant":"WKS","actual":1,"target":10,"status":0,"cmpunitdesc":"使用次數","uploadtime":1636473600000}}
[2021-11-15T08:28:55.830] [DEBUG] APP - {"error":null,"result":{"datadate":"2021-11-10","systemid":"FEM","plant":"WKS","actual":1,"target":10,"status":0,"cmpunitdesc":"使用次數","uploadtime":1636473600000}}
[2021-11-15T08:28:55.834] [DEBUG] APP - {"error":null,"result":{"datadate":"2021-11-10","systemid":"FEM","plant":"F230","actual":0,"target":10,"status":0,"cmpunitdesc":"使用次數","uploadtime":1636473600000}}
[2021-11-15T08:28:55.835] [DEBUG] APP - {"error":null,"result":{"datadate":"2021-11-10","systemid":"FEM","plant":"F230","actual":0,"target":10,"status":0,"cmpunitdesc":"使用次數","uploadtime":1636473600000}}
[2021-11-15T08:46:55.143] [TRACE] USAGE - Start usage service
[2021-11-15T08:46:55.145] [TRACE] USAGE - Start usage service
[2021-11-15T08:46:55.145] [TRACE] USAGE - Start usage service
[2021-11-15T08:46:55.146] [TRACE] USAGE - Start usage service
[2021-11-15T08:46:55.306] [DEBUG] APP - {"error":null,"result":{"datadate":"2021-11-12","systemid":"FEM","plant":"F230","actual":0,"target":10,"status":0,"cmpunitdesc":"使用次數","uploadtime":1636646400000}}
[2021-11-15T08:46:55.307] [DEBUG] APP - {"error":null,"result":{"datadate":"2021-11-12","systemid":"FEM","plant":"F230","actual":0,"target":10,"status":0,"cmpunitdesc":"使用次數","uploadtime":1636646400000}}
[2021-11-15T08:46:55.309] [DEBUG] APP - {"error":null,"result":{"datadate":"2021-11-10","systemid":"FEM","plant":"F230","actual":0,"target":10,"status":0,"cmpunitdesc":"使用次數","uploadtime":1636473600000}}
[2021-11-15T08:46:55.324] [DEBUG] APP - {"error":null,"result":{"datadate":"2021-11-11","systemid":"FEM","plant":"F230","actual":0,"target":10,"status":0,"cmpunitdesc":"使用次數","uploadtime":1636560000000}}
[2021-11-15T08:46:55.311] [DEBUG] APP - {"error":null,"result":{"datadate":"2021-11-10","systemid":"FEM","plant":"F230","actual":0,"target":10,"status":0,"cmpunitdesc":"使用次數","uploadtime":1636473600000}}
[2021-11-15T08:46:55.314] [DEBUG] APP - {"error":null,"result":{"datadate":"2021-11-13","systemid":"FEM","plant":"F230","actual":0,"target":10,"status":0,"cmpunitdesc":"使用次數","uploadtime":1636732800000}}
[2021-11-15T08:46:55.324] [DEBUG] APP - {"error":null,"result":{"datadate":"2021-11-11","systemid":"FEM","plant":"F230","actual":0,"target":10,"status":0,"cmpunitdesc":"使用次數","uploadtime":1636560000000}}
[2021-11-15T08:46:55.315] [DEBUG] APP - {"error":null,"result":{"datadate":"2021-11-13","systemid":"FEM","plant":"F230","actual":0,"target":10,"status":0,"cmpunitdesc":"使用次數","uploadtime":1636732800000}}
[2021-11-15T08:46:55.332] [DEBUG] APP - {"error":null,"result":{"datadate":"2021-11-13","systemid":"FEM","plant":"WKS","actual":0,"target":10,"status":0,"cmpunitdesc":"使用次數","uploadtime":1636732800000}}
[2021-11-15T08:46:55.333] [DEBUG] APP - {"error":null,"result":{"datadate":"2021-11-13","systemid":"FEM","plant":"WKS","actual":0,"target":10,"status":0,"cmpunitdesc":"使用次數","uploadtime":1636732800000}}
[2021-11-15T08:46:55.335] [DEBUG] APP - {"error":null,"result":{"datadate":"2021-11-12","systemid":"FEM","plant":"WKS","actual":0,"target":10,"status":0,"cmpunitdesc":"使用次數","uploadtime":1636646400000}}
[2021-11-15T08:46:55.336] [DEBUG] APP - {"error":null,"result":{"datadate":"2021-11-12","systemid":"FEM","plant":"WKS","actual":0,"target":10,"status":0,"cmpunitdesc":"使用次數","uploadtime":1636646400000}}
[2021-11-15T08:46:55.337] [DEBUG] APP - {"error":null,"result":{"datadate":"2021-11-10","systemid":"FEM","plant":"WKS","actual":1,"target":10,"status":0,"cmpunitdesc":"使用次數","uploadtime":1636473600000}}
[2021-11-15T08:46:55.337] [DEBUG] APP - {"error":null,"result":{"datadate":"2021-11-10","systemid":"FEM","plant":"WKS","actual":1,"target":10,"status":0,"cmpunitdesc":"使用次數","uploadtime":1636473600000}}
[2021-11-15T08:46:55.352] [DEBUG] APP - {"error":null,"result":{"datadate":"2021-11-11","systemid":"FEM","plant":"WKS","actual":0,"target":10,"status":0,"cmpunitdesc":"使用次數","uploadtime":1636560000000}}
[2021-11-15T08:46:55.352] [DEBUG] APP - {"error":null,"result":{"datadate":"2021-11-11","systemid":"FEM","plant":"WKS","actual":0,"target":10,"status":0,"cmpunitdesc":"使用次數","uploadtime":1636560000000}}
[2021-11-15T08:47:44.104] [TRACE] USAGE - Start usage service
[2021-11-15T08:47:44.428] [DEBUG] APP - {"error":null,"result":{"datadate":"2021-11-14","systemid":"FEM","plant":"WKS","actual":0,"target":10,"status":0,"cmpunitdesc":"使用次數","uploadtime":1636819200000}}
[2021-11-15T08:47:44.429] [DEBUG] APP - {"error":null,"result":{"datadate":"2021-11-14","systemid":"FEM","plant":"WKS","actual":0,"target":10,"status":0,"cmpunitdesc":"使用次數","uploadtime":1636819200000}}
[2021-11-15T08:47:53.424] [TRACE] USAGE - Start usage service
[2021-11-15T08:47:53.609] [DEBUG] APP - {"error":null,"result":{"datadate":"2021-11-14","systemid":"FEM","plant":"F230","actual":0,"target":10,"status":0,"cmpunitdesc":"使用次數","uploadtime":1636819200000}}
[2021-11-15T08:47:53.610] [DEBUG] APP - {"error":null,"result":{"datadate":"2021-11-14","systemid":"FEM","plant":"F230","actual":0,"target":10,"status":0,"cmpunitdesc":"使用次數","uploadtime":1636819200000}}
[2021-11-15T08:48:50.919] [TRACE] USAGE - Start usage service
[2021-11-15T08:48:51.078] [DEBUG] APP - {"error":null,"result":{"datadate":"2021-11-14","systemid":"FEM","plant":"F230","actual":0,"target":10,"status":0,"cmpunitdesc":"使用次數","uploadtime":1636819200000}}
[2021-11-15T08:48:51.079] [DEBUG] APP - {"error":null,"result":{"datadate":"2021-11-14","systemid":"FEM","plant":"F230","actual":0,"target":10,"status":0,"cmpunitdesc":"使用次數","uploadtime":1636819200000}}
[2021-11-15T08:52:43.030] [TRACE] USAGE - Start usage service
[2021-11-15T08:52:43.035] [TRACE] USAGE - Start usage service
[2021-11-15T08:52:43.036] [TRACE] USAGE - Start usage service
[2021-11-15T08:52:43.037] [TRACE] USAGE - Start usage service
[2021-11-15T08:52:43.216] [DEBUG] APP - {"error":null,"result":{"datadate":"2021-11-12","systemid":"FEM","plant":"F230","actual":0,"target":10,"status":0,"cmpunitdesc":"使用次數","uploadtime":1636646400000}}
[2021-11-15T08:52:43.217] [DEBUG] APP - {"error":null,"result":{"datadate":"2021-11-12","systemid":"FEM","plant":"F230","actual":0,"target":10,"status":0,"cmpunitdesc":"使用次數","uploadtime":1636646400000}}
[2021-11-15T08:52:43.222] [DEBUG] APP - {"error":null,"result":{"datadate":"2021-11-11","systemid":"FEM","plant":"F230","actual":0,"target":10,"status":0,"cmpunitdesc":"使用次數","uploadtime":1636560000000}}
[2021-11-15T08:52:43.223] [DEBUG] APP - {"error":null,"result":{"datadate":"2021-11-11","systemid":"FEM","plant":"F230","actual":0,"target":10,"status":0,"cmpunitdesc":"使用次數","uploadtime":1636560000000}}
[2021-11-15T08:52:43.265] [DEBUG] APP - {"error":null,"result":{"datadate":"2021-11-10","systemid":"FEM","plant":"F230","actual":0,"target":10,"status":0,"cmpunitdesc":"使用次數","uploadtime":1636473600000}}
[2021-11-15T08:52:43.266] [DEBUG] APP - {"error":null,"result":{"datadate":"2021-11-10","systemid":"FEM","plant":"F230","actual":0,"target":10,"status":0,"cmpunitdesc":"使用次數","uploadtime":1636473600000}}
[2021-11-15T08:52:43.338] [DEBUG] APP - {"error":null,"result":{"datadate":"2021-11-13","systemid":"FEM","plant":"F230","actual":0,"target":10,"status":0,"cmpunitdesc":"使用次數","uploadtime":1636732800000}}
[2021-11-15T08:52:43.338] [DEBUG] APP - {"error":null,"result":{"datadate":"2021-11-13","systemid":"FEM","plant":"F230","actual":0,"target":10,"status":0,"cmpunitdesc":"使用次數","uploadtime":1636732800000}}
[2021-11-15T18:31:57.659] [INFO] API - Listen api port 3010
[2021-11-15T18:31:58.444] [TRACE] USAGE - Start usage service
[2021-11-15T18:31:58.642] [DEBUG] APP - {"error":null,"result":{"datadate":"1970-01-01","systemid":"FEM","plant":"WKS","actual":186,"target":10,"status":1,"cmpunitdesc":"使用次數","uploadtime":1}}
[2021-11-15T18:31:58.643] [DEBUG] APP - {"error":null,"result":{"datadate":"1970-01-01","systemid":"FEM","plant":"WKS","actual":186,"target":10,"status":1,"cmpunitdesc":"使用次數","uploadtime":1}}
[2021-11-15T18:31:58.655] [DEBUG] APP - {"error":null,"result":{"datadate":"1970-01-01","systemid":"FEM","plant":"F230","actual":1,"target":10,"status":0,"cmpunitdesc":"使用次數","uploadtime":1}}
[2021-11-15T18:31:58.656] [DEBUG] APP - {"error":null,"result":{"datadate":"1970-01-01","systemid":"FEM","plant":"F230","actual":1,"target":10,"status":0,"cmpunitdesc":"使用次數","uploadtime":1}}
[2021-11-15T18:32:36.380] [INFO] API - Listen api port 3010
[2021-11-15T18:32:37.179] [TRACE] USAGE - Start usage service
[2021-11-15T18:32:37.368] [DEBUG] APP - {"error":null,"result":{"datadate":"1970-01-01","systemid":"FEM","plant":"F230","actual":1,"target":10,"status":0,"cmpunitdesc":"使用次數","uploadtime":1}}
[2021-11-15T18:32:37.368] [DEBUG] APP - {"error":null,"result":{"datadate":"1970-01-01","systemid":"FEM","plant":"F230","actual":1,"target":10,"status":0,"cmpunitdesc":"使用次數","uploadtime":1}}
[2021-11-15T18:32:37.370] [DEBUG] APP - {"error":null,"result":{"datadate":"1970-01-01","systemid":"FEM","plant":"WKS","actual":186,"target":10,"status":1,"cmpunitdesc":"使用次數","uploadtime":1}}
[2021-11-15T18:32:37.370] [DEBUG] APP - {"error":null,"result":{"datadate":"1970-01-01","systemid":"FEM","plant":"WKS","actual":186,"target":10,"status":1,"cmpunitdesc":"使用次數","uploadtime":1}}
[2021-11-15T18:32:40.003] [TRACE] USAGE - Start usage service
[2021-11-15T18:32:40.145] [DEBUG] APP - {"error":null,"result":{"datadate":"2021-11-14","systemid":"FEM","plant":"F230","actual":0,"target":10,"status":0,"cmpunitdesc":"使用次數","uploadtime":1636819200000}}
[2021-11-15T18:32:40.146] [DEBUG] APP - {"error":null,"result":{"datadate":"2021-11-14","systemid":"FEM","plant":"F230","actual":0,"target":10,"status":0,"cmpunitdesc":"使用次數","uploadtime":1636819200000}}
[2021-11-15T18:32:40.147] [DEBUG] APP - {"error":null,"result":{"datadate":"2021-11-14","systemid":"FEM","plant":"WKS","actual":0,"target":10,"status":0,"cmpunitdesc":"使用次數","uploadtime":1636819200000}}
[2021-11-15T18:32:40.148] [DEBUG] APP - {"error":null,"result":{"datadate":"2021-11-14","systemid":"FEM","plant":"WKS","actual":0,"target":10,"status":0,"cmpunitdesc":"使用次數","uploadtime":1636819200000}}
[2021-11-15T18:32:45.001] [TRACE] USAGE - Start usage service
[2021-11-15T18:32:45.141] [DEBUG] APP - {"error":null,"result":{"datadate":"2021-11-14","systemid":"FEM","plant":"WKS","actual":0,"target":10,"status":0,"cmpunitdesc":"使用次數","uploadtime":1636819200000}}
[2021-11-15T18:32:45.142] [DEBUG] APP - {"error":null,"result":{"datadate":"2021-11-14","systemid":"FEM","plant":"WKS","actual":0,"target":10,"status":0,"cmpunitdesc":"使用次數","uploadtime":1636819200000}}
[2021-11-15T18:32:45.160] [DEBUG] APP - {"error":null,"result":{"datadate":"2021-11-14","systemid":"FEM","plant":"F230","actual":0,"target":10,"status":0,"cmpunitdesc":"使用次數","uploadtime":1636819200000}}
[2021-11-15T18:32:45.160] [DEBUG] APP - {"error":null,"result":{"datadate":"2021-11-14","systemid":"FEM","plant":"F230","actual":0,"target":10,"status":0,"cmpunitdesc":"使用次數","uploadtime":1636819200000}}
[2021-11-15T18:40:38.454] [INFO] API - Listen api port 3010
[2021-11-15T18:40:39.247] [TRACE] USAGE - Start usage service
[2021-11-15T18:40:39.482] [DEBUG] APP - {"error":null,"result":{"datadate":"1970-01-01","systemid":"FEM","plant":"F230","actual":1,"target":10,"status":0,"cmpunitdesc":"使用次數","uploadtime":1}}
[2021-11-15T18:40:39.483] [DEBUG] APP - {"error":null,"result":{"datadate":"1970-01-01","systemid":"FEM","plant":"F230","actual":1,"target":10,"status":0,"cmpunitdesc":"使用次數","uploadtime":1}}
[2021-11-15T18:40:39.484] [DEBUG] APP - {"error":null,"result":{"datadate":"1970-01-01","systemid":"FEM","plant":"WKS","actual":186,"target":10,"status":1,"cmpunitdesc":"使用次數","uploadtime":1}}
[2021-11-15T18:40:39.485] [DEBUG] APP - {"error":null,"result":{"datadate":"1970-01-01","systemid":"FEM","plant":"WKS","actual":186,"target":10,"status":1,"cmpunitdesc":"使用次數","uploadtime":1}}
[2021-11-15T18:40:40.003] [TRACE] USAGE - Start usage service
[2021-11-15T18:40:40.155] [DEBUG] APP - {"error":null,"result":{"datadate":"2021-11-14","systemid":"FEM","plant":"F230","actual":0,"target":10,"status":0,"cmpunitdesc":"使用次數","uploadtime":1636819200000}}
[2021-11-15T18:40:40.167] [DEBUG] APP - {"error":null,"result":{"datadate":"2021-11-14","systemid":"FEM","plant":"F230","actual":0,"target":10,"status":0,"cmpunitdesc":"使用次數","uploadtime":1636819200000}}
[2021-11-15T18:40:40.181] [DEBUG] APP - {"error":null,"result":{"datadate":"2021-11-14","systemid":"FEM","plant":"WKS","actual":0,"target":10,"status":0,"cmpunitdesc":"使用次數","uploadtime":1636819200000}}
[2021-11-15T18:40:40.182] [DEBUG] APP - {"error":null,"result":{"datadate":"2021-11-14","systemid":"FEM","plant":"WKS","actual":0,"target":10,"status":0,"cmpunitdesc":"使用次數","uploadtime":1636819200000}}
[2021-11-15T18:40:45.001] [TRACE] USAGE - Start usage service
[2021-11-15T18:40:45.157] [DEBUG] APP - {"error":null,"result":{"datadate":"2021-11-14","systemid":"FEM","plant":"F230","actual":0,"target":10,"status":0,"cmpunitdesc":"使用次數","uploadtime":1636819200000}}
[2021-11-15T18:40:45.157] [DEBUG] APP - {"error":null,"result":{"datadate":"2021-11-14","systemid":"FEM","plant":"F230","actual":0,"target":10,"status":0,"cmpunitdesc":"使用次數","uploadtime":1636819200000}}
[2021-11-15T18:40:45.164] [DEBUG] APP - {"error":null,"result":{"datadate":"2021-11-14","systemid":"FEM","plant":"WKS","actual":0,"target":10,"status":0,"cmpunitdesc":"使用次數","uploadtime":1636819200000}}
[2021-11-15T18:40:45.165] [DEBUG] APP - {"error":null,"result":{"datadate":"2021-11-14","systemid":"FEM","plant":"WKS","actual":0,"target":10,"status":0,"cmpunitdesc":"使用次數","uploadtime":1636819200000}}
[2021-11-15T18:40:50.003] [TRACE] USAGE - Start usage service
[2021-11-15T18:40:50.158] [DEBUG] APP - {"error":null,"result":{"datadate":"2021-11-14","systemid":"FEM","plant":"WKS","actual":0,"target":10,"status":0,"cmpunitdesc":"使用次數","uploadtime":1636819200000}}
[2021-11-15T18:40:50.159] [DEBUG] APP - {"error":null,"result":{"datadate":"2021-11-14","systemid":"FEM","plant":"WKS","actual":0,"target":10,"status":0,"cmpunitdesc":"使用次數","uploadtime":1636819200000}}
[2021-11-15T18:40:50.164] [DEBUG] APP - {"error":null,"result":{"datadate":"2021-11-14","systemid":"FEM","plant":"F230","actual":0,"target":10,"status":0,"cmpunitdesc":"使用次數","uploadtime":1636819200000}}
[2021-11-15T18:40:50.165] [DEBUG] APP - {"error":null,"result":{"datadate":"2021-11-14","systemid":"FEM","plant":"F230","actual":0,"target":10,"status":0,"cmpunitdesc":"使用次數","uploadtime":1636819200000}}
[2021-11-15T18:40:55.001] [TRACE] USAGE - Start usage service
[2021-11-15T18:40:55.131] [DEBUG] APP - {"error":null,"result":{"datadate":"2021-11-14","systemid":"FEM","plant":"F230","actual":0,"target":10,"status":0,"cmpunitdesc":"使用次數","uploadtime":1636819200000}}
[2021-11-15T18:40:55.133] [DEBUG] APP - {"error":null,"result":{"datadate":"2021-11-14","systemid":"FEM","plant":"F230","actual":0,"target":10,"status":0,"cmpunitdesc":"使用次數","uploadtime":1636819200000}}
[2021-11-15T18:40:55.140] [DEBUG] APP - {"error":null,"result":{"datadate":"2021-11-14","systemid":"FEM","plant":"WKS","actual":0,"target":10,"status":0,"cmpunitdesc":"使用次數","uploadtime":1636819200000}}
[2021-11-15T18:40:55.141] [DEBUG] APP - {"error":null,"result":{"datadate":"2021-11-14","systemid":"FEM","plant":"WKS","actual":0,"target":10,"status":0,"cmpunitdesc":"使用次數","uploadtime":1636819200000}}
[2021-11-15T18:41:00.005] [TRACE] USAGE - Start usage service
[2021-11-15T18:41:00.141] [DEBUG] APP - {"error":null,"result":{"datadate":"2021-11-14","systemid":"FEM","plant":"WKS","actual":0,"target":10,"status":0,"cmpunitdesc":"使用次數","uploadtime":1636819200000}}
[2021-11-15T18:41:00.142] [DEBUG] APP - {"error":null,"result":{"datadate":"2021-11-14","systemid":"FEM","plant":"WKS","actual":0,"target":10,"status":0,"cmpunitdesc":"使用次數","uploadtime":1636819200000}}
[2021-11-15T18:41:00.198] [DEBUG] APP - {"error":null,"result":{"datadate":"2021-11-14","systemid":"FEM","plant":"F230","actual":0,"target":10,"status":0,"cmpunitdesc":"使用次數","uploadtime":1636819200000}}
[2021-11-15T18:41:00.198] [DEBUG] APP - {"error":null,"result":{"datadate":"2021-11-14","systemid":"FEM","plant":"F230","actual":0,"target":10,"status":0,"cmpunitdesc":"使用次數","uploadtime":1636819200000}}
[2021-11-15T18:41:05.002] [TRACE] USAGE - Start usage service
[2021-11-15T18:41:05.143] [DEBUG] APP - {"error":null,"result":{"datadate":"2021-11-14","systemid":"FEM","plant":"F230","actual":0,"target":10,"status":0,"cmpunitdesc":"使用次數","uploadtime":1636819200000}}
[2021-11-15T18:41:05.144] [DEBUG] APP - {"error":null,"result":{"datadate":"2021-11-14","systemid":"FEM","plant":"F230","actual":0,"target":10,"status":0,"cmpunitdesc":"使用次數","uploadtime":1636819200000}}
[2021-11-15T18:41:05.172] [DEBUG] APP - {"error":null,"result":{"datadate":"2021-11-14","systemid":"FEM","plant":"WKS","actual":0,"target":10,"status":0,"cmpunitdesc":"使用次數","uploadtime":1636819200000}}
[2021-11-15T18:41:05.172] [DEBUG] APP - {"error":null,"result":{"datadate":"2021-11-14","systemid":"FEM","plant":"WKS","actual":0,"target":10,"status":0,"cmpunitdesc":"使用次數","uploadtime":1636819200000}}
[2021-11-15T18:41:10.002] [TRACE] USAGE - Start usage service
[2021-11-15T18:41:10.165] [DEBUG] APP - {"error":null,"result":{"datadate":"2021-11-14","systemid":"FEM","plant":"F230","actual":0,"target":10,"status":0,"cmpunitdesc":"使用次數","uploadtime":1636819200000}}
[2021-11-15T18:41:10.166] [DEBUG] APP - {"error":null,"result":{"datadate":"2021-11-14","systemid":"FEM","plant":"F230","actual":0,"target":10,"status":0,"cmpunitdesc":"使用次數","uploadtime":1636819200000}}
[2021-11-15T18:41:10.197] [DEBUG] APP - {"error":null,"result":{"datadate":"2021-11-14","systemid":"FEM","plant":"WKS","actual":0,"target":10,"status":0,"cmpunitdesc":"使用次數","uploadtime":1636819200000}}
[2021-11-15T18:41:10.197] [DEBUG] APP - {"error":null,"result":{"datadate":"2021-11-14","systemid":"FEM","plant":"WKS","actual":0,"target":10,"status":0,"cmpunitdesc":"使用次數","uploadtime":1636819200000}}
[2021-11-15T18:41:15.003] [TRACE] USAGE - Start usage service
[2021-11-15T18:41:15.144] [DEBUG] APP - {"error":null,"result":{"datadate":"2021-11-14","systemid":"FEM","plant":"WKS","actual":0,"target":10,"status":0,"cmpunitdesc":"使用次數","uploadtime":1636819200000}}
[2021-11-15T18:41:15.145] [DEBUG] APP - {"error":null,"result":{"datadate":"2021-11-14","systemid":"FEM","plant":"WKS","actual":0,"target":10,"status":0,"cmpunitdesc":"使用次數","uploadtime":1636819200000}}
[2021-11-15T18:41:15.176] [DEBUG] APP - {"error":null,"result":{"datadate":"2021-11-14","systemid":"FEM","plant":"F230","actual":0,"target":10,"status":0,"cmpunitdesc":"使用次數","uploadtime":1636819200000}}
[2021-11-15T18:41:15.176] [DEBUG] APP - {"error":null,"result":{"datadate":"2021-11-14","systemid":"FEM","plant":"F230","actual":0,"target":10,"status":0,"cmpunitdesc":"使用次數","uploadtime":1636819200000}}
[2021-11-15T18:41:20.000] [TRACE] USAGE - Start usage service
[2021-11-15T18:41:20.134] [DEBUG] APP - {"error":null,"result":{"datadate":"2021-11-14","systemid":"FEM","plant":"WKS","actual":0,"target":10,"status":0,"cmpunitdesc":"使用次數","uploadtime":1636819200000}}
[2021-11-15T18:41:20.135] [DEBUG] APP - {"error":null,"result":{"datadate":"2021-11-14","systemid":"FEM","plant":"WKS","actual":0,"target":10,"status":0,"cmpunitdesc":"使用次數","uploadtime":1636819200000}}
[2021-11-15T18:41:20.140] [DEBUG] APP - {"error":null,"result":{"datadate":"2021-11-14","systemid":"FEM","plant":"F230","actual":0,"target":10,"status":0,"cmpunitdesc":"使用次數","uploadtime":1636819200000}}
[2021-11-15T18:41:20.141] [DEBUG] APP - {"error":null,"result":{"datadate":"2021-11-14","systemid":"FEM","plant":"F230","actual":0,"target":10,"status":0,"cmpunitdesc":"使用次數","uploadtime":1636819200000}}
[2021-11-15T18:41:36.794] [INFO] API - Listen api port 3010
[2021-11-15T18:41:37.534] [TRACE] USAGE - Start usage service
[2021-11-15T18:41:37.699] [DEBUG] APP - {"error":null,"result":{"datadate":"1970-01-01","systemid":"FEM","plant":"WKS","actual":186,"target":10,"status":1,"cmpunitdesc":"使用次數","uploadtime":1}}
[2021-11-15T18:41:37.700] [DEBUG] APP - {"error":null,"result":{"datadate":"1970-01-01","systemid":"FEM","plant":"WKS","actual":186,"target":10,"status":1,"cmpunitdesc":"使用次數","uploadtime":1}}
[2021-11-15T18:41:37.701] [DEBUG] APP - {"error":null,"result":{"datadate":"1970-01-01","systemid":"FEM","plant":"F230","actual":1,"target":10,"status":0,"cmpunitdesc":"使用次數","uploadtime":1}}
[2021-11-15T18:41:37.701] [DEBUG] APP - {"error":null,"result":{"datadate":"1970-01-01","systemid":"FEM","plant":"F230","actual":1,"target":10,"status":0,"cmpunitdesc":"使用次數","uploadtime":1}}
[2021-11-15T18:41:40.003] [TRACE] USAGE - Start usage service
[2021-11-15T18:41:40.155] [DEBUG] APP - {"error":null,"result":{"datadate":"2021-11-14","systemid":"FEM","plant":"WKS","actual":0,"target":10,"status":0,"cmpunitdesc":"使用次數","uploadtime":1636819200000}}
[2021-11-15T18:41:40.156] [DEBUG] APP - {"error":null,"result":{"datadate":"2021-11-14","systemid":"FEM","plant":"WKS","actual":0,"target":10,"status":0,"cmpunitdesc":"使用次數","uploadtime":1636819200000}}
[2021-11-15T18:41:40.163] [DEBUG] APP - {"error":null,"result":{"datadate":"2021-11-14","systemid":"FEM","plant":"F230","actual":0,"target":10,"status":0,"cmpunitdesc":"使用次數","uploadtime":1636819200000}}
[2021-11-15T18:41:40.164] [DEBUG] APP - {"error":null,"result":{"datadate":"2021-11-14","systemid":"FEM","plant":"F230","actual":0,"target":10,"status":0,"cmpunitdesc":"使用次數","uploadtime":1636819200000}}
[2021-11-15T18:41:45.002] [TRACE] USAGE - Start usage service
[2021-11-15T18:41:45.165] [DEBUG] APP - {"error":null,"result":{"datadate":"2021-11-14","systemid":"FEM","plant":"WKS","actual":0,"target":10,"status":0,"cmpunitdesc":"使用次數","uploadtime":1636819200000}}
[2021-11-15T18:41:45.166] [DEBUG] APP - {"error":null,"result":{"datadate":"2021-11-14","systemid":"FEM","plant":"WKS","actual":0,"target":10,"status":0,"cmpunitdesc":"使用次數","uploadtime":1636819200000}}
[2021-11-15T18:41:45.173] [DEBUG] APP - {"error":null,"result":{"datadate":"2021-11-14","systemid":"FEM","plant":"F230","actual":0,"target":10,"status":0,"cmpunitdesc":"使用次數","uploadtime":1636819200000}}
[2021-11-15T18:41:45.174] [DEBUG] APP - {"error":null,"result":{"datadate":"2021-11-14","systemid":"FEM","plant":"F230","actual":0,"target":10,"status":0,"cmpunitdesc":"使用次數","uploadtime":1636819200000}}
[2021-11-15T18:41:50.002] [TRACE] USAGE - Start usage service
[2021-11-15T18:41:50.148] [DEBUG] APP - {"error":null,"result":{"datadate":"2021-11-14","systemid":"FEM","plant":"F230","actual":0,"target":10,"status":0,"cmpunitdesc":"使用次數","uploadtime":1636819200000}}
[2021-11-15T18:41:50.149] [DEBUG] APP - {"error":null,"result":{"datadate":"2021-11-14","systemid":"FEM","plant":"F230","actual":0,"target":10,"status":0,"cmpunitdesc":"使用次數","uploadtime":1636819200000}}
[2021-11-15T18:41:50.157] [DEBUG] APP - {"error":null,"result":{"datadate":"2021-11-14","systemid":"FEM","plant":"WKS","actual":0,"target":10,"status":0,"cmpunitdesc":"使用次數","uploadtime":1636819200000}}
[2021-11-15T18:41:50.157] [DEBUG] APP - {"error":null,"result":{"datadate":"2021-11-14","systemid":"FEM","plant":"WKS","actual":0,"target":10,"status":0,"cmpunitdesc":"使用次數","uploadtime":1636819200000}}
